build/outputs/mapping/playRelease/seeds.txt
de.j4velin.pedometer.widget.DashClock
de.j4velin.pedometer.widget.Widget: Widget()
de.j4velin.pedometer.widget.WidgetConfig: WidgetConfig()
de.j4velin.pedometer.widget.WidgetConfig: void onClick(android.view.View)
de.j4velin.pedometer.widget.WidgetConfig
de.j4velin.pedometer.BootReceiver
de.j4velin.pedometer.ui.Activity_Main
de.j4velin.pedometer.AppUpdatedReceiver
de.j4velin.pedometer.widget.WidgetUpdateService: WidgetUpdateService()
de.j4velin.pedometer.widget.DashClock: DashClock()
de.j4velin.pedometer.BootReceiver: BootReceiver()
de.j4velin.pedometer.AppUpdatedReceiver: AppUpdatedReceiver()
de.j4velin.pedometer.SensorListener: SensorListener()
de.j4velin.pedometer.widget.WidgetUpdateService
de.j4velin.pedometer.ui.Activity_Main: Activity_Main()
de.j4velin.pedometer.widget.Widget
de.j4velin.pedometer.SensorListener
...
androidx.mediarouter.app.MediaRouteButton: androidx.fragment.app.FragmentManager getFragmentManager()
androidx.appcompat.widget.Toolbar: void setNavigationContentDescription(int)
androidx.appcompat.widget.Toolbar: void setSubtitleTextColor(int)
androidx.appcompat.widget.ActionBarOverlayLayout: void setUiOptions(int)
androidx.appcompat.widget.LinearLayoutCompat: void setWeightSum(float)
de.j4velin.lib.colorpicker.ColorPickerView: void setSliderTrackerColor(int)
androidx.appcompat.widget.AppCompatSpinner: int getDropDownVerticalOffset()
androidx.appcompat.widget.Toolbar: int getTitleMarginBottom()
androidx.appcompat.widget.DropDownListView: void setSelector(android.graphics.drawable.Drawable)
androidx.appcompat.widget.SearchView: java.lang.CharSequence getQuery()
androidx.appcompat.widget.LinearLayoutCompat: void setBaselineAlignedChildIndex(int)
android.support.v4.app.RemoteActionCompatParcelizer: void write(androidx.core.app.RemoteActionCompat,androidx.versionedparcelable.VersionedParcel)
androidx.appcompat.widget.AppCompatCheckBox: void setSupportButtonTintMode(android.graphics.PorterDuff$Mode)
androidx.lifecycle.ReflectiveGenericLifecycleObserver
de.j4velin.lib.colorpicker.ColorPickerPanelView: void setBorderColor(int)
androidx.vectordrawable.graphics.drawable.VectorDrawableCompat$VFullPath: void setStrokeWidth(float)
androidx.appcompat.widget.Toolbar: void setTitle(int)
androidx.core.app.ComponentActivity: ComponentActivity()
androidx.core.app.RemoteActionCompatParcelizer: void write(androidx.core.app.RemoteActionCompat,androidx.versionedparcelable.VersionedParcel)
androidx.appcompat.widget.AppCompatSpinner: void setAdapter(android.widget.Adapter)
androidx.appcompat.widget.AppCompatImageView: void setBackgroundResource(int)
android.support.v4.media.AudioAttributesImplApi26Parcelizer: AudioAttributesImplApi26Parcelizer()
androidx.lifecycle.Lifecycle$Event: androidx.lifecycle.Lifecycle$Event ON_RESUME
android.support.v4.app.RemoteActionCompatParcelizer: androidx.core.app.RemoteActionCompat read(androidx.versionedparcelable.VersionedParcel)
androidx.appcompat.widget.AppCompatTextView: void setTextFuture(java.util.concurrent.Future)
androidx.appcompat.widget.AppCompatCheckBox: android.graphics.PorterDuff$Mode getSupportButtonTintMode()
androidx.appcompat.widget.ActionBarOverlayLayout: void setWindowTitle(java.lang.CharSequence)
androidx.appcompat.widget.AppCompatButton: int getAutoSizeStepGranularity()
androidx.appcompat.widget.SearchView$SearchAutoComplete: void setImeVisibility(boolean)
androidx.appcompat.widget.Toolbar: void setTitleMarginStart(int)
androidx.appcompat.widget.AppCompatTextView: int getFirstBaselineToTopHeight()
androidx.recyclerview.widget.StaggeredGridLayoutManager
androidx.appcompat.widget.AppCompatSpinner: void setPopupBackgroundResource(int)
androidx.appcompat.widget.Toolbar: android.graphics.drawable.Drawable getCollapseIcon()
androidx.appcompat.widget.Toolbar: android.widget.TextView getSubtitleTextView()
androidx.appcompat.widget.SearchView: void setQuery(java.lang.CharSequence)
org.eazegraph.lib.charts.BaseChart
androidx.media.AudioAttributesCompatParcelizer: void write(androidx.media.AudioAttributesCompat,androidx.versionedparcelable.VersionedParcel)
androidx.appcompat.widget.ActionBarContextView: java.lang.CharSequence getSubtitle()
androidx.appcompat.widget.Toolbar: int getCurrentContentInsetRight()
androidx.recyclerview.widget.RecyclerView: androidx.recyclerview.widget.RecyclerView$OnFlingListener getOnFlingListener()
androidx.mediarouter.app.MediaRouteVolumeSlider
androidx.appcompat.widget.AbsActionBarView: AbsActionBarView(android.content.Context,android.util.AttributeSet)
org.eazegraph.lib.charts.PieChart: void setUsePieRotation(boolean)
com.google.android.gms.fitness.data.Value: android.os.Parcelable$Creator CREATOR
androidx.core.widget.NestedScrollView
androidx.lifecycle.Lifecycle$Event: androidx.lifecycle.Lifecycle$Event ON_PAUSE