build/outputs/mapping/playRelease/mapping.txt
# compiler: R8
# compiler_version: 2.1.86
# min_api: 21
# pg_map_id: 68bb56c
# common_typos_disable
de.j4velin.pedometer.AppUpdatedReceiver -> de.j4velin.pedometer.AppUpdatedReceiver:
    1:1:void <init>():27:27 -> <init>
    1:2:void onReceive(android.content.Context,android.content.Intent):32:33 -> onReceive
    3:3:void onReceive(android.content.Context,android.content.Intent):35:35 -> onReceive
de.j4velin.pedometer.BootReceiver -> de.j4velin.pedometer.BootReceiver:
    1:1:void <init>():28:28 -> <init>
    1:1:void onReceive(android.content.Context,android.content.Intent):34:34 -> onReceive
    2:2:void onReceive(android.content.Context,android.content.Intent):36:36 -> onReceive
    3:3:void onReceive(android.content.Context,android.content.Intent):38:38 -> onReceive
    4:4:void onReceive(android.content.Context,android.content.Intent):41:41 -> onReceive
    5:5:void onReceive(android.content.Context,android.content.Intent):43:43 -> onReceive
    6:9:void onReceive(android.content.Context,android.content.Intent):47:50 -> onReceive
    10:11:void onReceive(android.content.Context,android.content.Intent):52:53 -> onReceive
    12:12:void onReceive(android.content.Context,android.content.Intent):55:55 -> onReceive
de.j4velin.pedometer.Database -> de.j4velin.pedometer.a:
    de.j4velin.pedometer.Database instance -> b
    java.util.concurrent.atomic.AtomicInteger openCounter -> c
    1:1:void <clinit>():40:40 -> <clinit>
    1:1:void <init>(android.content.Context):43:43 -> <init>
    1:1:void addToLastEntry(int):145:145 -> a
    1:1:int getCurrentSteps():380:380 -> b
    1:1:int getDays():352:352 -> c
    1:2:void close():56:57 -> close
    1:1:int getDaysWithoutToday():329:329 -> d
    2:2:int getDaysWithoutToday():331:331 -> d
    3:3:int getDaysWithoutToday():330:330 -> d
    4:6:int getDaysWithoutToday():333:335 -> d
    1:2:de.j4velin.pedometer.Database getInstance(android.content.Context):47:48 -> e
    3:4:de.j4velin.pedometer.Database getInstance(android.content.Context):50:51 -> e
    1:1:java.util.List getLastEntries(int):263:263 -> f
    2:2:java.util.List getLastEntries(int):265:265 -> f
    3:3:java.util.List getLastEntries(int):264:264 -> f
    4:6:java.util.List getLastEntries(int):266:268 -> f
    7:8:java.util.List getLastEntries(int):270:271 -> f
    1:5:int getRecord():211:215 -> g
    1:2:android.util.Pair getRecordData():226:227 -> h
    3:5:android.util.Pair getRecordData():229:231 -> h
    1:3:int getSteps(long):246:246 -> i
    4:4:int getSteps(long):248:248 -> i
    5:7:int getSteps(long):250:252 -> i
    1:1:int getSteps(long,long):288:288 -> j
    2:2:int getSteps(long,long):290:290 -> j
    3:3:int getSteps(long,long):289:289 -> j
...
android.support.v4.media.session.IMediaSession$Stub -> android.support.v4.media.session.b$a:
    1:3:android.support.v4.media.session.IMediaSession asInterface(android.os.IBinder):212:214 -> b
    4:4:android.support.v4.media.session.IMediaSession asInterface(android.os.IBinder):216:216 -> b
    1:1:android.support.v4.media.session.IMediaSession getDefaultImpl():2045:2045 -> d
android.support.v4.media.session.IMediaSession$Stub$Proxy -> android.support.v4.media.session.b$a$a:
    android.os.IBinder mRemote -> b
    android.support.v4.media.session.IMediaSession sDefaultImpl -> c
    1:2:void <init>(android.os.IBinder):831:832 -> <init>
    1:2:void play():1560:1561 -> A1
    3:6:void play():1563:1566 -> A1
    7:8:void play():1572:1573 -> A1
    9:9:void play():1569:1569 -> A1
    10:12:void play():1572:1572 -> A1
    13:14:void play():1573:1574 -> A1
    1:2:void pause():1681:1682 -> H
    3:6:void pause():1684:1687 -> H
    7:8:void pause():1693:1694 -> H
    9:9:void pause():1690:1690 -> H
    10:12:void pause():1693:1693 -> H
    13:14:void pause():1694:1695 -> H
    1:2:android.app.PendingIntent getLaunchPendingIntent():1004:1005 -> I0
    3:6:android.app.PendingIntent getLaunchPendingIntent():1008:1011 -> I0
    7:8:android.app.PendingIntent getLaunchPendingIntent():1022:1023 -> I0
    9:11:android.app.PendingIntent getLaunchPendingIntent():1013:1015 -> I0
    12:14:android.app.PendingIntent getLaunchPendingIntent():1022:1022 -> I0
    15:16:android.app.PendingIntent getLaunchPendingIntent():1023:1024 -> I0
    1:2:void registerCallbackListener(android.support.v4.media.session.IMediaControllerCallback):906:907 -> J
    3:7:void registerCallbackListener(android.support.v4.media.session.IMediaControllerCallback):909:913 -> J
    8:9:void registerCallbackListener(android.support.v4.media.session.IMediaControllerCallback):919:920 -> J
android.support.v4.media.session.MediaControllerCompat -> android.support.v4.media.session.MediaControllerCompat:
    java.util.concurrent.ConcurrentHashMap mRegisteredCallbacks -> b
    android.support.v4.media.session.MediaControllerCompat$MediaControllerImpl mImpl -> a
    1:1:void <init>(android.content.Context,android.support.v4.media.session.MediaSessionCompat$Token):252:252 -> <init>
    2:2:void <init>(android.content.Context,android.support.v4.media.session.MediaSessionCompat$Token):225:225 -> <init>
    3:4:void <init>(android.content.Context,android.support.v4.media.session.MediaSessionCompat$Token):258:259 -> <init>
    5:5:void <init>(android.content.Context,android.support.v4.media.session.MediaSessionCompat$Token):261:261 -> <init>
    6:6:void <init>(android.content.Context,android.support.v4.media.session.MediaSessionCompat$Token):254:254 -> <init>
    1:1:android.support.v4.media.MediaMetadataCompat getMetadata():308:308 -> a
    1:1:android.support.v4.media.session.PlaybackStateCompat getPlaybackState():299:299 -> b
    1:1:android.app.PendingIntent getSessionActivity():498:498 -> c
    1:1:android.support.v4.media.session.MediaControllerCompat$TransportControls getTransportControls():271:271 -> d
    1:1:void registerCallback(android.support.v4.media.session.MediaControllerCompat$Callback):562:562 -> e
    1:2:void registerCallback(android.support.v4.media.session.MediaControllerCompat$Callback,android.os.Handler):578:579 -> f