build/outputs/mapping/playRelease/usage.txt
de.j4velin.pedometer.R$mipmap
de.j4velin.pedometer.R$integer
de.j4velin.pedometer.R$bool
de.j4velin.pedometer.R$xml
de.j4velin.pedometer.R$string
de.j4velin.pedometer.SensorListener:
    public static final int NOTIFICATION_ID
    private static final long MICROSECONDS_IN_ONE_MINUTE
    private static final long SAVE_OFFSET_TIME
    private static final int SAVE_OFFSET_STEPS
de.j4velin.pedometer.R$attr
de.j4velin.pedometer.R$anim
de.j4velin.pedometer.Database:
    public void logState()
    private static final java.lang.String DB_NAME
    private static final int DB_VERSION
de.j4velin.pedometer.R$id
de.j4velin.pedometer.BuildConfig
de.j4velin.pedometer.util.API26Wrapper:
    public void <init>()
    public static final java.lang.String NOTIFICATION_CHANNEL_ID
de.j4velin.pedometer.util.Logger
de.j4velin.pedometer.R$color
de.j4velin.pedometer.R
de.j4velin.pedometer.ui.Fragment_Settings:
    static final int DEFAULT_GOAL
de.j4velin.pedometer.util.Util:
    public void <init>()
de.j4velin.pedometer.R$styleable
de.j4velin.pedometer.util.PlaySettingsWrapper:
    public void <init>()
de.j4velin.pedometer.ui.Dialog_Statistics:
    void <init>()
de.j4velin.pedometer.ui.Activity_Main:
    private static final int RC_RESOLVE
    private static final int RC_LEADERBOARDS
de.j4velin.pedometer.R$layout
de.j4velin.pedometer.util.API23Wrapper:
    public void <init>()
de.j4velin.pedometer.R$dimen
de.j4velin.pedometer.R$style
de.j4velin.pedometer.ui.Dialog_Split:
    void <init>()
de.j4velin.pedometer.R$drawable
de.j4velin.pedometer.util.GoogleFit
de.j4velin.pedometer.R$interpolator
de.j4velin.pedometer.util.PlayServices:
    public void <init>()
de.j4velin.pedometer.widget.WidgetUpdateService:
    private static final int JOB_ID
de.j4velin.pedometer.R$menu
de.j4velin.pedometer.ui.Fragment_Settings$10:
    final synthetic de.j4velin.pedometer.ui.Fragment_Settings this$0
de.j4velin.pedometer.ui.Fragment_Settings$3:
    final synthetic de.j4velin.pedometer.ui.Fragment_Settings this$0
de.j4velin.pedometer.ui.Activity_Main$2:
    final synthetic de.j4velin.pedometer.ui.Activity_Main this$0
de.j4velin.pedometer.ui.Activity_Main$3:
    final synthetic de.j4velin.pedometer.ui.Activity_Main this$0
de.j4velin.pedometer.ui.Fragment_Settings$5:
    final synthetic de.j4velin.pedometer.ui.Fragment_Settings this$0
de.j4velin.pedometer.ui.Fragment_Settings$15:
    final synthetic de.j4velin.pedometer.ui.Fragment_Settings this$0
de.j4velin.pedometer.ui.Fragment_Overview$4:
    final synthetic de.j4velin.pedometer.ui.Fragment_Overview this$0
de.j4velin.pedometer.ui.Fragment_Settings$14:
    final synthetic de.j4velin.pedometer.ui.Fragment_Settings this$0
de.j4velin.pedometer.ui.Fragment_Settings$13:
    final synthetic de.j4velin.pedometer.ui.Fragment_Settings this$0
de.j4velin.pedometer.ui.Fragment_Settings$6:
    final synthetic de.j4velin.pedometer.ui.Fragment_Settings this$0
de.j4velin.pedometer.ui.Fragment_Overview$2:
    final synthetic de.j4velin.pedometer.ui.Fragment_Overview this$0
de.j4velin.pedometer.ui.Fragment_Settings$9:
    final synthetic de.j4velin.pedometer.ui.Fragment_Settings this$0
de.j4velin.pedometer.ui.Fragment_Settings$12:
    final synthetic de.j4velin.pedometer.ui.Fragment_Settings this$0
de.j4velin.pedometer.ui.Fragment_Overview$1:
    final synthetic de.j4velin.pedometer.ui.Fragment_Overview this$0
de.j4velin.pedometer.ui.Fragment_Settings$8:
    final synthetic de.j4velin.pedometer.ui.Fragment_Settings this$0
de.j4velin.pedometer.ui.Fragment_Settings$11:
    final synthetic de.j4velin.pedometer.ui.Fragment_Settings this$0
de.j4velin.pedometer.util.PlaySettingsWrapper$1$1:
    final synthetic de.j4velin.pedometer.util.PlaySettingsWrapper$1 this$0
...
androidx.core.net.DatagramSocketWrapper
com.google.android.gms.games.achievement.AchievementEntity
com.google.android.gms.games.multiplayer.InvitationEntity$zza
com.google.android.gms.common.SignInButton:
    public void <init>(android.content.Context)
    public final void setStyle(int,int,com.google.android.gms.common.api.Scope[])
    public static final int SIZE_STANDARD
    public static final int SIZE_WIDE
    public static final int SIZE_ICON_ONLY
    public static final int COLOR_DARK
    public static final int COLOR_LIGHT
    public static final int COLOR_AUTO
com.google.android.gms.internal.drive.zzaj
androidx.mediarouter.media.RegisteredMediaRouteProvider:
    static final java.lang.String TAG
com.google.android.gms.internal.games.zzao
com.google.android.gms.common.api.internal.zzbo:
    public final void zza(com.google.android.gms.common.api.internal.zzch)
    public final android.content.Context getContext()
com.google.android.gms.location.zzk
com.google.android.gms.internal.drive.zzgc
com.google.android.gms.games.zzp
androidx.recyclerview.widget.ItemTouchHelper$Callback$1
androidx.core.view.inputmethod.InputConnectionCompat
androidx.slidingpanelayout.R$dimen
androidx.core.app.NotificationCompat$Style:
    private android.graphics.Bitmap createColoredBitmap(int,int,int)
    private android.graphics.Bitmap createColoredBitmap(androidx.core.graphics.drawable.IconCompat,int,int)
    private android.graphics.Bitmap createIconWithBackground(int,int,int,int)
    private void hideNormalContent(android.widget.RemoteViews)
    private int calculateTopPadding()
    private static float constrain(float,float,float)
    public android.app.Notification build()
    protected void restoreFromCompatExtras(android.os.Bundle)
    public android.widget.RemoteViews applyStandardTemplate(boolean,int,boolean)
    public android.graphics.Bitmap createColoredBitmap(int,int)
    android.graphics.Bitmap createColoredBitmap(androidx.core.graphics.drawable.IconCompat,int)
    public void buildIntoRemoteViews(android.widget.RemoteViews,android.widget.RemoteViews)
androidx.recyclerview.widget.ItemTouchHelper$4
androidx.vectordrawable.graphics.drawable.AndroidResources:
    private void <init>()
    static final int STYLEABLE_VECTOR_DRAWABLE_ALPHA
    static final int STYLEABLE_VECTOR_DRAWABLE_AUTO_MIRRORED
    static final int STYLEABLE_VECTOR_DRAWABLE_HEIGHT
    static final int STYLEABLE_VECTOR_DRAWABLE_NAME
    static final int STYLEABLE_VECTOR_DRAWABLE_TINT
    static final int STYLEABLE_VECTOR_DRAWABLE_TINT_MODE
    static final int STYLEABLE_VECTOR_DRAWABLE_VIEWPORT_HEIGHT
    static final int STYLEABLE_VECTOR_DRAWABLE_VIEWPORT_WIDTH
    static final int STYLEABLE_VECTOR_DRAWABLE_WIDTH
    static final int STYLEABLE_VECTOR_DRAWABLE_GROUP_NAME
    static final int STYLEABLE_VECTOR_DRAWABLE_GROUP_PIVOT_X
    static final int STYLEABLE_VECTOR_DRAWABLE_GROUP_PIVOT_Y
    static final int STYLEABLE_VECTOR_DRAWABLE_GROUP_ROTATION
    static final int STYLEABLE_VECTOR_DRAWABLE_GROUP_SCALE_X
    static final int STYLEABLE_VECTOR_DRAWABLE_GROUP_SCALE_Y
    static final int STYLEABLE_VECTOR_DRAWABLE_GROUP_TRANSLATE_X
    static final int STYLEABLE_VECTOR_DRAWABLE_GROUP_TRANSLATE_Y
    static final int STYLEABLE_VECTOR_DRAWABLE_PATH_FILL_ALPHA
    static final int STYLEABLE_VECTOR_DRAWABLE_PATH_FILL_COLOR
    static final int STYLEABLE_VECTOR_DRAWABLE_PATH_NAME
    static final int STYLEABLE_VECTOR_DRAWABLE_PATH_PATH_DATA
    static final int STYLEABLE_VECTOR_DRAWABLE_PATH_STROKE_ALPHA
    static final int STYLEABLE_VECTOR_DRAWABLE_PATH_STROKE_COLOR
com.google.android.gms.internal.games.zzcu
com.google.android.gms.drive.query.Filter
androidx.core.R$layout
androidx.lifecycle.Transformations$2
com.google.android.gms.games.leaderboard.Leaderboards$SubmitScoreResult
androidx.core.os.EnvironmentCompat
com.google.android.gms.fitness.result.zzh
com.google.android.gms.games.stats.zzc
org.eazegraph.lib.charts.ValueLineChart$2